# JRE version: OpenJDK Runtime Environment Temurin-17.0.8.1+1 (17.0.8.1+1) (build 17.0.8.1+1)
# Java VM: OpenJDK 64-Bit Server VM Temurin-17.0.8.1+1 (17.0.8.1+1, mixed mode, tiered, compressed oops, compressed class ptrs, parallel gc, windows-amd64)
GC Precious Log:
 CPUs: 8 total, 8 available
 Memory: 7886M
 Large Page Support: Disabled
 NUMA Support: Disabled
 Compressed Oops: Enabled (32-bit)
 Alignments: Space 512K, Generation 512K, Heap 2M
 Heap Min Capacity: 100M
 Heap Initial Capacity: 100M
 Heap Max Capacity: 1G
 Pre-touch: Disabled
 Parallel Workers: 8
Heap:
 PSYoungGen      total 31744K, used 11814K [0x00000000eab00000, 0x00000000ed500000, 0x0000000100000000)
  eden space 20480K, 57% used [0x00000000eab00000,0x00000000eb689958,0x00000000ebf00000)
  from space 11264K, 0% used [0x00000000eca00000,0x00000000eca00000,0x00000000ed500000)
  to   space 11264K, 0% used [0x00000000ebf00000,0x00000000ebf00000,0x00000000eca00000)
 ParOldGen       total 117760K, used 76319K [0x00000000c0000000, 0x00000000c7300000, 0x00000000eab00000)
  object space 117760K, 64% used [0x00000000c0000000,0x00000000c4a87c60,0x00000000c7300000)
 Metaspace       used 71088K, committed 72192K, reserved 1114112K
  class space    used 7671K, committed 8128K, reserved 1048576K
GC Heap History (20 events):
Event: 7.965 GC heap before
{Heap before GC invocations=32 (full 3):
 PSYoungGen      total 22528K, used 21329K [0x00000000eab00000, 0x00000000ec380000, 0x0000000100000000)
  eden space 20992K, 94% used [0x00000000eab00000,0x00000000ebe54600,0x00000000ebf80000)
  from space 1536K, 100% used [0x00000000ec200000,0x00000000ec380000,0x00000000ec380000)
  to   space 2048K, 0% used [0x00000000ebf80000,0x00000000ebf80000,0x00000000ec180000)
 ParOldGen       total 68608K, used 34616K [0x00000000c0000000, 0x00000000c4300000, 0x00000000eab00000)
  object space 68608K, 50% used [0x00000000c0000000,0x00000000c21ce188,0x00000000c4300000)
 Metaspace       used 64039K, committed 65216K, reserved 1114112K
  class space    used 6884K, committed 7360K, reserved 1048576K
}
Event: 7.967 GC heap after
{Heap after GC invocations=32 (full 3):
 PSYoungGen      total 22016K, used 885K [0x00000000eab00000, 0x00000000ec280000, 0x0000000100000000)
  eden space 20992K, 0% used [0x00000000eab00000,0x00000000eab00000,0x00000000ebf80000)
  from space 1024K, 86% used [0x00000000ebf80000,0x00000000ec05d5a8,0x00000000ec080000)
  to   space 1536K, 0% used [0x00000000ec100000,0x00000000ec100000,0x00000000ec280000)
 ParOldGen       total 68608K, used 36048K [0x00000000c0000000, 0x00000000c4300000, 0x00000000eab00000)
  object space 68608K, 52% used [0x00000000c0000000,0x00000000c2334220,0x00000000c4300000)
 Metaspace       used 64039K, committed 65216K, reserved 1114112K
  class space    used 6884K, committed 7360K, reserved 1048576K
}
Event: 8.384 GC heap before
{Heap before GC invocations=33 (full 3):
 PSYoungGen      total 22016K, used 21877K [0x00000000eab00000, 0x00000000ec280000, 0x0000000100000000)
  eden space 20992K, 100% used [0x00000000eab00000,0x00000000ebf80000,0x00000000ebf80000)
  from space 1024K, 86% used [0x00000000ebf80000,0x00000000ec05d5a8,0x00000000ec080000)
  to   space 1536K, 0% used [0x00000000ec100000,0x00000000ec100000,0x00000000ec280000)
 ParOldGen       total 68608K, used 36048K [0x00000000c0000000, 0x00000000c4300000, 0x00000000eab00000)
  object space 68608K, 52% used [0x00000000c0000000,0x00000000c2334220,0x00000000c4300000)
 Metaspace       used 65341K, committed 66496K, reserved 1114112K
  class space    used 7024K, committed 7552K, reserved 1048576K
}
Event: 8.386 GC heap after
{Heap after GC invocations=33 (full 3):
 PSYoungGen      total 22016K, used 1509K [0x00000000eab00000, 0x00000000ec380000, 0x0000000100000000)
  eden space 20480K, 0% used [0x00000000eab00000,0x00000000eab00000,0x00000000ebf00000)
  from space 1536K, 98% used [0x00000000ec100000,0x00000000ec2796d8,0x00000000ec280000)
  to   space 2048K, 0% used [0x00000000ebf00000,0x00000000ebf00000,0x00000000ec100000)
 ParOldGen       total 68608K, used 36679K [0x00000000c0000000, 0x00000000c4300000, 0x00000000eab00000)
  object space 68608K, 53% used [0x00000000c0000000,0x00000000c23d1f08,0x00000000c4300000)
 Metaspace       used 65341K, committed 66496K, reserved 1114112K
  class space    used 7024K, committed 7552K, reserved 1048576K
}
Event: 8.720 GC heap before
{Heap before GC invocations=34 (full 3):
 PSYoungGen      total 22016K, used 21989K [0x00000000eab00000, 0x00000000ec380000, 0x0000000100000000)
  eden space 20480K, 100% used [0x00000000eab00000,0x00000000ebf00000,0x00000000ebf00000)
  from space 1536K, 98% used [0x00000000ec100000,0x00000000ec2796d8,0x00000000ec280000)
  to   space 2048K, 0% used [0x00000000ebf00000,0x00000000ebf00000,0x00000000ec100000)
 ParOldGen       total 68608K, used 36679K [0x00000000c0000000, 0x00000000c4300000, 0x00000000eab00000)
  object space 68608K, 53% used [0x00000000c0000000,0x00000000c23d1f08,0x00000000c4300000)
 Metaspace       used 67268K, committed 68416K, reserved 1114112K
  class space    used 7202K, committed 7680K, reserved 1048576K
}
Event: 8.723 GC heap after
{Heap after GC invocations=34 (full 3):
 PSYoungGen      total 21504K, used 992K [0x00000000eab00000, 0x00000000ec200000, 0x0000000100000000)
  eden space 20480K, 0% used [0x00000000eab00000,0x00000000eab00000,0x00000000ebf00000)
  from space 1024K, 96% used [0x00000000ebf00000,0x00000000ebff8000,0x00000000ec000000)
  to   space 1536K, 0% used [0x00000000ec080000,0x00000000ec080000,0x00000000ec200000)
 ParOldGen       total 68608K, used 38060K [0x00000000c0000000, 0x00000000c4300000, 0x00000000eab00000)
  object space 68608K, 55% used [0x00000000c0000000,0x00000000c252b020,0x00000000c4300000)
 Metaspace       used 67268K, committed 68416K, reserved 1114112K
  class space    used 7202K, committed 7680K, reserved 1048576K
}
Event: 9.067 GC heap before
{Heap before GC invocations=35 (full 3):
 PSYoungGen      total 21504K, used 21471K [0x00000000eab00000, 0x00000000ec200000, 0x0000000100000000)
  eden space 20480K, 99% used [0x00000000eab00000,0x00000000ebeffff8,0x00000000ebf00000)
  from space 1024K, 96% used [0x00000000ebf00000,0x00000000ebff8000,0x00000000ec000000)
  to   space 1536K, 0% used [0x00000000ec080000,0x00000000ec080000,0x00000000ec200000)
 ParOldGen       total 68608K, used 38060K [0x00000000c0000000, 0x00000000c4300000, 0x00000000eab00000)
  object space 68608K, 55% used [0x00000000c0000000,0x00000000c252b020,0x00000000c4300000)
 Metaspace       used 68952K, committed 70016K, reserved 1114112K
  class space    used 7368K, committed 7808K, reserved 1048576K
}
Event: 9.068 GC heap after
{Heap after GC invocations=35 (full 3):
 PSYoungGen      total 22016K, used 1196K [0x00000000eab00000, 0x00000000ec200000, 0x0000000100000000)
  eden space 20480K, 0% used [0x00000000eab00000,0x00000000eab00000,0x00000000ebf00000)
  from space 1536K, 77% used [0x00000000ec080000,0x00000000ec1ab100,0x00000000ec200000)
  to   space 1536K, 0% used [0x00000000ebf00000,0x00000000ebf00000,0x00000000ec080000)
 ParOldGen       total 68608K, used 38922K [0x00000000c0000000, 0x00000000c4300000, 0x00000000eab00000)
  object space 68608K, 56% used [0x00000000c0000000,0x00000000c26029d0,0x00000000c4300000)
 Metaspace       used 68952K, committed 70016K, reserved 1114112K
  class space    used 7368K, committed 7808K, reserved 1048576K
}
Event: 9.197 GC heap before
{Heap before GC invocations=36 (full 3):
 PSYoungGen      total 22016K, used 18312K [0x00000000eab00000, 0x00000000ec200000, 0x0000000100000000)
  eden space 20480K, 83% used [0x00000000eab00000,0x00000000ebbb6fe0,0x00000000ebf00000)
  from space 1536K, 77% used [0x00000000ec080000,0x00000000ec1ab100,0x00000000ec200000)
  to   space 1536K, 0% used [0x00000000ebf00000,0x00000000ebf00000,0x00000000ec080000)
 ParOldGen       total 68608K, used 38922K [0x00000000c0000000, 0x00000000c4300000, 0x00000000eab00000)
  object space 68608K, 56% used [0x00000000c0000000,0x00000000c26029d0,0x00000000c4300000)
 Metaspace       used 69363K, committed 70464K, reserved 1114112K
  class space    used 7418K, committed 7872K, reserved 1048576K
}
Event: 9.200 GC heap after
{Heap after GC invocations=36 (full 3):
 PSYoungGen      total 21504K, used 576K [0x00000000eab00000, 0x00000000ec100000, 0x0000000100000000)
  eden space 20480K, 0% used [0x00000000eab00000,0x00000000eab00000,0x00000000ebf00000)
  from space 1024K, 56% used [0x00000000ebf00000,0x00000000ebf90000,0x00000000ec000000)
  to   space 1024K, 0% used [0x00000000ec000000,0x00000000ec000000,0x00000000ec100000)
 ParOldGen       total 68608K, used 46507K [0x00000000c0000000, 0x00000000c4300000, 0x00000000eab00000)
  object space 68608K, 67% used [0x00000000c0000000,0x00000000c2d6ad88,0x00000000c4300000)
 Metaspace       used 69363K, committed 70464K, reserved 1114112K
  class space    used 7418K, committed 7872K, reserved 1048576K
}
Event: 9.245 GC heap before
{Heap before GC invocations=37 (full 4):
 PSYoungGen      total 21504K, used 21056K [0x00000000eab00000, 0x00000000ec100000, 0x0000000100000000)
  eden space 20480K, 100% used [0x00000000eab00000,0x00000000ebf00000,0x00000000ebf00000)
  from space 1024K, 56% used [0x00000000ebf00000,0x00000000ebf90000,0x00000000ec000000)
  to   space 1024K, 0% used [0x00000000ec000000,0x00000000ec000000,0x00000000ec100000)
 ParOldGen       total 79872K, used 72836K [0x00000000c0000000, 0x00000000c4e00000, 0x00000000eab00000)
  object space 79872K, 91% used [0x00000000c0000000,0x00000000c4721338,0x00000000c4e00000)
 Metaspace       used 69370K, committed 70464K, reserved 1114112K
  class space    used 7419K, committed 7872K, reserved 1048576K
}
Event: 9.281 GC heap after
{Heap after GC invocations=37 (full 4):
 PSYoungGen      total 21504K, used 0K [0x00000000eab00000, 0x00000000ec100000, 0x0000000100000000)
  eden space 20480K, 0% used [0x00000000eab00000,0x00000000eab00000,0x00000000ebf00000)
  from space 1024K, 0% used [0x00000000ec000000,0x00000000ec000000,0x00000000ec100000)
  to   space 1024K, 0% used [0x00000000ebf00000,0x00000000ebf00000,0x00000000ec000000)
 ParOldGen       total 85504K, used 51561K [0x00000000c0000000, 0x00000000c5380000, 0x00000000eab00000)
  object space 85504K, 60% used [0x00000000c0000000,0x00000000c325a528,0x00000000c5380000)
 Metaspace       used 69370K, committed 70464K, reserved 1114112K
  class space    used 7419K, committed 7872K, reserved 1048576K
}
Event: 9.321 GC heap before
{Heap before GC invocations=38 (full 4):
 PSYoungGen      total 21504K, used 20480K [0x00000000eab00000, 0x00000000ec100000, 0x0000000100000000)
  eden space 20480K, 100% used [0x00000000eab00000,0x00000000ebf00000,0x00000000ebf00000)
  from space 1024K, 0% used [0x00000000ec000000,0x00000000ec000000,0x00000000ec100000)
  to   space 1024K, 0% used [0x00000000ebf00000,0x00000000ebf00000,0x00000000ec000000)
 ParOldGen       total 85504K, used 51561K [0x00000000c0000000, 0x00000000c5380000, 0x00000000eab00000)
  object space 85504K, 60% used [0x00000000c0000000,0x00000000c325a528,0x00000000c5380000)
 Metaspace       used 69371K, committed 70528K, reserved 1114112K
  class space    used 7419K, committed 7872K, reserved 1048576K
}
Event: 9.329 GC heap after
{Heap after GC invocations=38 (full 4):
 PSYoungGen      total 21504K, used 1024K [0x00000000eab00000, 0x00000000ee000000, 0x0000000100000000)
  eden space 20480K, 0% used [0x00000000eab00000,0x00000000eab00000,0x00000000ebf00000)
  from space 1024K, 100% used [0x00000000ebf00000,0x00000000ec000000,0x00000000ec000000)
  to   space 16896K, 0% used [0x00000000ecf80000,0x00000000ecf80000,0x00000000ee000000)
 ParOldGen       total 85504K, used 64881K [0x00000000c0000000, 0x00000000c5380000, 0x00000000eab00000)
  object space 85504K, 75% used [0x00000000c0000000,0x00000000c3f5c528,0x00000000c5380000)
 Metaspace       used 69371K, committed 70528K, reserved 1114112K
  class space    used 7419K, committed 7872K, reserved 1048576K
}
Event: 9.361 GC heap before
{Heap before GC invocations=39 (full 4):
 PSYoungGen      total 21504K, used 21504K [0x00000000eab00000, 0x00000000ee000000, 0x0000000100000000)
  eden space 20480K, 100% used [0x00000000eab00000,0x00000000ebf00000,0x00000000ebf00000)
  from space 1024K, 100% used [0x00000000ebf00000,0x00000000ec000000,0x00000000ec000000)
  to   space 16896K, 0% used [0x00000000ecf80000,0x00000000ecf80000,0x00000000ee000000)
 ParOldGen       total 85504K, used 64881K [0x00000000c0000000, 0x00000000c5380000, 0x00000000eab00000)
  object space 85504K, 75% used [0x00000000c0000000,0x00000000c3f5c528,0x00000000c5380000)
 Metaspace       used 69400K, committed 70528K, reserved 1114112K
  class space    used 7422K, committed 7872K, reserved 1048576K
}
Event: 9.368 GC heap after
{Heap after GC invocations=39 (full 4):
 PSYoungGen      total 34816K, used 14144K [0x00000000eab00000, 0x00000000edd80000, 0x0000000100000000)
  eden space 20480K, 0% used [0x00000000eab00000,0x00000000eab00000,0x00000000ebf00000)
  from space 14336K, 98% used [0x00000000ecf80000,0x00000000edd50000,0x00000000edd80000)
  to   space 14848K, 0% used [0x00000000ec080000,0x00000000ec080000,0x00000000ecf00000)
 ParOldGen       total 85504K, used 65937K [0x00000000c0000000, 0x00000000c5380000, 0x00000000eab00000)
  object space 85504K, 77% used [0x00000000c0000000,0x00000000c4064528,0x00000000c5380000)
 Metaspace       used 69400K, committed 70528K, reserved 1114112K
  class space    used 7422K, committed 7872K, reserved 1048576K
}
Event: 9.673 GC heap before
{Heap before GC invocations=40 (full 4):
 PSYoungGen      total 34816K, used 34623K [0x00000000eab00000, 0x00000000edd80000, 0x0000000100000000)
  eden space 20480K, 99% used [0x00000000eab00000,0x00000000ebeffff8,0x00000000ebf00000)
  from space 14336K, 98% used [0x00000000ecf80000,0x00000000edd50000,0x00000000edd80000)
  to   space 14848K, 0% used [0x00000000ec080000,0x00000000ec080000,0x00000000ecf00000)
 ParOldGen       total 85504K, used 65937K [0x00000000c0000000, 0x00000000c5380000, 0x00000000eab00000)
  object space 85504K, 77% used [0x00000000c0000000,0x00000000c4064528,0x00000000c5380000)
 Metaspace       used 70204K, committed 71360K, reserved 1114112K
  class space    used 7527K, committed 8000K, reserved 1048576K
}
Event: 9.682 GC heap after
{Heap after GC invocations=40 (full 4):
 PSYoungGen      total 30208K, used 9392K [0x00000000eab00000, 0x00000000ed500000, 0x0000000100000000)
  eden space 20480K, 0% used [0x00000000eab00000,0x00000000eab00000,0x00000000ebf00000)
  from space 9728K, 96% used [0x00000000ec080000,0x00000000ec9ac010,0x00000000eca00000)
  to   space 11264K, 0% used [0x00000000eca00000,0x00000000eca00000,0x00000000ed500000)
 ParOldGen       total 85504K, used 79977K [0x00000000c0000000, 0x00000000c5380000, 0x00000000eab00000)
  object space 85504K, 93% used [0x00000000c0000000,0x00000000c4e1a528,0x00000000c5380000)
 Metaspace       used 70204K, committed 71360K, reserved 1114112K
  class space    used 7527K, committed 8000K, reserved 1048576K
}
Event: 9.682 GC heap before
{Heap before GC invocations=41 (full 5):
 PSYoungGen      total 30208K, used 9392K [0x00000000eab00000, 0x00000000ed500000, 0x0000000100000000)
  eden space 20480K, 0% used [0x00000000eab00000,0x00000000eab00000,0x00000000ebf00000)
  from space 9728K, 96% used [0x00000000ec080000,0x00000000ec9ac010,0x00000000eca00000)
  to   space 11264K, 0% used [0x00000000eca00000,0x00000000eca00000,0x00000000ed500000)
 ParOldGen       total 85504K, used 79977K [0x00000000c0000000, 0x00000000c5380000, 0x00000000eab00000)
  object space 85504K, 93% used [0x00000000c0000000,0x00000000c4e1a528,0x00000000c5380000)
 Metaspace       used 70204K, committed 71360K, reserved 1114112K
  class space    used 7527K, committed 8000K, reserved 1048576K
}
Event: 9.749 GC heap after
{Heap after GC invocations=41 (full 5):
 PSYoungGen      total 31744K, used 0K [0x00000000eab00000, 0x00000000ed500000, 0x0000000100000000)
  eden space 20480K, 0% used [0x00000000eab00000,0x00000000eab00000,0x00000000ebf00000)
  from space 11264K, 0% used [0x00000000eca00000,0x00000000eca00000,0x00000000ed500000)
  to   space 11264K, 0% used [0x00000000ebf00000,0x00000000ebf00000,0x00000000eca00000)
 ParOldGen       total 117760K, used 76319K [0x00000000c0000000, 0x00000000c7300000, 0x00000000eab00000)
  object space 117760K, 64% used [0x00000000c0000000,0x00000000c4a87c60,0x00000000c7300000)
 Metaspace       used 70204K, committed 71360K, reserved 1114112K
  class space    used 7527K, committed 8000K, reserved 1048576K
}

